{"/Users/anastasia14/Desktop/быки и коровы/курсач быки и коровы/qw.js": {"path":"/Users/anastasia14/Desktop/быки и коровы/курсач быки и коровы/qw.js","statementMap":{"0":{"start":{"line":2,"column":15},"end":{"line":2,"column":17}},"1":{"start":{"line":6,"column":20},"end":{"line":6,"column":48}},"2":{"start":{"line":7,"column":22},"end":{"line":7,"column":50}},"3":{"start":{"line":8,"column":4},"end":{"line":8,"column":22}},"4":{"start":{"line":9,"column":4},"end":{"line":9,"column":22}},"5":{"start":{"line":12,"column":4},"end":{"line":35,"column":5}},"6":{"start":{"line":12,"column":17},"end":{"line":12,"column":18}},"7":{"start":{"line":13,"column":8},"end":{"line":34,"column":9}},"8":{"start":{"line":13,"column":21},"end":{"line":13,"column":22}},"9":{"start":{"line":17,"column":12},"end":{"line":17,"column":38}},"10":{"start":{"line":18,"column":12},"end":{"line":20,"column":13}},"11":{"start":{"line":19,"column":16},"end":{"line":19,"column":41}},"12":{"start":{"line":23,"column":12},"end":{"line":23,"column":38}},"13":{"start":{"line":24,"column":12},"end":{"line":26,"column":13}},"14":{"start":{"line":25,"column":16},"end":{"line":25,"column":41}},"15":{"start":{"line":29,"column":12},"end":{"line":29,"column":38}},"16":{"start":{"line":30,"column":12},"end":{"line":32,"column":13}},"17":{"start":{"line":31,"column":16},"end":{"line":31,"column":41}},"18":{"start":{"line":38,"column":4},"end":{"line":45,"column":5}},"19":{"start":{"line":38,"column":17},"end":{"line":38,"column":18}},"20":{"start":{"line":39,"column":8},"end":{"line":44,"column":9}},"21":{"start":{"line":40,"column":29},"end":{"line":40,"column":34}},"22":{"start":{"line":41,"column":12},"end":{"line":43,"column":13}},"23":{"start":{"line":41,"column":25},"end":{"line":41,"column":33}},"24":{"start":{"line":42,"column":16},"end":{"line":42,"column":35}},"25":{"start":{"line":48,"column":19},"end":{"line":48,"column":21}},"26":{"start":{"line":49,"column":4},"end":{"line":53,"column":5}},"27":{"start":{"line":49,"column":17},"end":{"line":49,"column":18}},"28":{"start":{"line":50,"column":8},"end":{"line":52,"column":9}},"29":{"start":{"line":51,"column":12},"end":{"line":51,"column":27}},"30":{"start":{"line":55,"column":4},"end":{"line":55,"column":18}},"31":{"start":{"line":60,"column":19},"end":{"line":60,"column":37}},"32":{"start":{"line":62,"column":28},"end":{"line":62,"column":82}},"33":{"start":{"line":62,"column":51},"end":{"line":62,"column":81}},"34":{"start":{"line":64,"column":4},"end":{"line":64,"column":98}},"35":{"start":{"line":69,"column":16},"end":{"line":69,"column":17}},"36":{"start":{"line":70,"column":15},"end":{"line":70,"column":16}},"37":{"start":{"line":72,"column":4},"end":{"line":78,"column":5}},"38":{"start":{"line":72,"column":17},"end":{"line":72,"column":18}},"39":{"start":{"line":73,"column":8},"end":{"line":77,"column":9}},"40":{"start":{"line":74,"column":12},"end":{"line":74,"column":20}},"41":{"start":{"line":75,"column":15},"end":{"line":77,"column":9}},"42":{"start":{"line":76,"column":12},"end":{"line":76,"column":19}},"43":{"start":{"line":80,"column":4},"end":{"line":80,"column":27}},"44":{"start":{"line":85,"column":23},"end":{"line":85,"column":55}},"45":{"start":{"line":86,"column":18},"end":{"line":86,"column":34}},"46":{"start":{"line":89,"column":4},"end":{"line":92,"column":5}},"47":{"start":{"line":90,"column":8},"end":{"line":90,"column":42}},"48":{"start":{"line":91,"column":8},"end":{"line":91,"column":15}},"49":{"start":{"line":94,"column":28},"end":{"line":94,"column":66}},"50":{"start":{"line":95,"column":21},"end":{"line":95,"column":54}},"51":{"start":{"line":98,"column":4},"end":{"line":98,"column":42}},"52":{"start":{"line":101,"column":4},"end":{"line":101,"column":28}},"53":{"start":{"line":103,"column":4},"end":{"line":103,"column":26}},"54":{"start":{"line":106,"column":4},"end":{"line":110,"column":5}},"55":{"start":{"line":108,"column":8},"end":{"line":108,"column":54}},"56":{"start":{"line":109,"column":8},"end":{"line":109,"column":84}},"57":{"start":{"line":115,"column":20},"end":{"line":115,"column":54}},"58":{"start":{"line":116,"column":4},"end":{"line":118,"column":17}},"59":{"start":{"line":117,"column":8},"end":{"line":117,"column":98}},"60":{"start":{"line":125,"column":0},"end":{"line":125,"column":23}},"61":{"start":{"line":126,"column":4},"end":{"line":126,"column":27}},"62":{"start":{"line":127,"column":4},"end":{"line":127,"column":18}},"63":{"start":{"line":128,"column":4},"end":{"line":128,"column":48}},"64":{"start":{"line":129,"column":4},"end":{"line":129,"column":50}},"65":{"start":{"line":132,"column":0},"end":{"line":132,"column":118}}},"fnMap":{"0":{"name":"sieveOfAtkin","decl":{"start":{"line":5,"column":9},"end":{"line":5,"column":21}},"loc":{"start":{"line":5,"column":29},"end":{"line":56,"column":1}},"line":5},"1":{"name":"generateSecretNumber","decl":{"start":{"line":59,"column":9},"end":{"line":59,"column":29}},"loc":{"start":{"line":59,"column":32},"end":{"line":65,"column":1}},"line":59},"2":{"name":"(anonymous_2)","decl":{"start":{"line":62,"column":42},"end":{"line":62,"column":43}},"loc":{"start":{"line":62,"column":51},"end":{"line":62,"column":81}},"line":62},"3":{"name":"countBullsAndCows","decl":{"start":{"line":68,"column":9},"end":{"line":68,"column":26}},"loc":{"start":{"line":68,"column":48},"end":{"line":81,"column":1}},"line":68},"4":{"name":"checkGuess","decl":{"start":{"line":84,"column":9},"end":{"line":84,"column":19}},"loc":{"start":{"line":84,"column":22},"end":{"line":111,"column":1}},"line":84},"5":{"name":"updateAttemptsHistory","decl":{"start":{"line":114,"column":9},"end":{"line":114,"column":30}},"loc":{"start":{"line":114,"column":33},"end":{"line":119,"column":1}},"line":114},"6":{"name":"(anonymous_6)","decl":{"start":{"line":116,"column":33},"end":{"line":116,"column":34}},"loc":{"start":{"line":117,"column":8},"end":{"line":117,"column":98}},"line":117},"7":{"name":"resetGame","decl":{"start":{"line":125,"column":32},"end":{"line":125,"column":41}},"loc":{"start":{"line":125,"column":44},"end":{"line":130,"column":1}},"line":125}},"branchMap":{"0":{"loc":{"start":{"line":18,"column":12},"end":{"line":20,"column":13}},"type":"if","locations":[{"start":{"line":18,"column":12},"end":{"line":20,"column":13}},{"start":{},"end":{}}],"line":18},"1":{"loc":{"start":{"line":18,"column":16},"end":{"line":18,"column":60}},"type":"binary-expr","locations":[{"start":{"line":18,"column":16},"end":{"line":18,"column":26}},{"start":{"line":18,"column":31},"end":{"line":18,"column":43}},{"start":{"line":18,"column":47},"end":{"line":18,"column":59}}],"line":18},"2":{"loc":{"start":{"line":24,"column":12},"end":{"line":26,"column":13}},"type":"if","locations":[{"start":{"line":24,"column":12},"end":{"line":26,"column":13}},{"start":{},"end":{}}],"line":24},"3":{"loc":{"start":{"line":24,"column":16},"end":{"line":24,"column":42}},"type":"binary-expr","locations":[{"start":{"line":24,"column":16},"end":{"line":24,"column":26}},{"start":{"line":24,"column":30},"end":{"line":24,"column":42}}],"line":24},"4":{"loc":{"start":{"line":30,"column":12},"end":{"line":32,"column":13}},"type":"if","locations":[{"start":{"line":30,"column":12},"end":{"line":32,"column":13}},{"start":{},"end":{}}],"line":30},"5":{"loc":{"start":{"line":30,"column":16},"end":{"line":30,"column":52}},"type":"binary-expr","locations":[{"start":{"line":30,"column":16},"end":{"line":30,"column":21}},{"start":{"line":30,"column":25},"end":{"line":30,"column":35}},{"start":{"line":30,"column":39},"end":{"line":30,"column":52}}],"line":30},"6":{"loc":{"start":{"line":39,"column":8},"end":{"line":44,"column":9}},"type":"if","locations":[{"start":{"line":39,"column":8},"end":{"line":44,"column":9}},{"start":{},"end":{}}],"line":39},"7":{"loc":{"start":{"line":50,"column":8},"end":{"line":52,"column":9}},"type":"if","locations":[{"start":{"line":50,"column":8},"end":{"line":52,"column":9}},{"start":{},"end":{}}],"line":50},"8":{"loc":{"start":{"line":62,"column":51},"end":{"line":62,"column":81}},"type":"binary-expr","locations":[{"start":{"line":62,"column":51},"end":{"line":62,"column":64}},{"start":{"line":62,"column":68},"end":{"line":62,"column":81}}],"line":62},"9":{"loc":{"start":{"line":73,"column":8},"end":{"line":77,"column":9}},"type":"if","locations":[{"start":{"line":73,"column":8},"end":{"line":77,"column":9}},{"start":{"line":75,"column":15},"end":{"line":77,"column":9}}],"line":73},"10":{"loc":{"start":{"line":75,"column":15},"end":{"line":77,"column":9}},"type":"if","locations":[{"start":{"line":75,"column":15},"end":{"line":77,"column":9}},{"start":{},"end":{}}],"line":75},"11":{"loc":{"start":{"line":89,"column":4},"end":{"line":92,"column":5}},"type":"if","locations":[{"start":{"line":89,"column":4},"end":{"line":92,"column":5}},{"start":{},"end":{}}],"line":89},"12":{"loc":{"start":{"line":89,"column":8},"end":{"line":89,"column":42}},"type":"binary-expr","locations":[{"start":{"line":89,"column":8},"end":{"line":89,"column":26}},{"start":{"line":89,"column":30},"end":{"line":89,"column":42}}],"line":89},"13":{"loc":{"start":{"line":106,"column":4},"end":{"line":110,"column":5}},"type":"if","locations":[{"start":{"line":106,"column":4},"end":{"line":110,"column":5}},{"start":{},"end":{}}],"line":106}},"s":{"0":1,"1":1,"2":1,"3":1,"4":1,"5":1,"6":1,"7":99,"8":99,"9":9801,"10":9801,"11":1728,"12":9801,"13":9801,"14":757,"15":9801,"16":9801,"17":632,"18":1,"19":1,"20":95,"21":23,"22":23,"23":23,"24":880,"25":1,"26":1,"27":1,"28":9998,"29":1229,"30":1,"31":1,"32":1,"33":1229,"34":1,"35":0,"36":0,"37":0,"38":0,"39":0,"40":0,"41":0,"42":0,"43":0,"44":0,"45":0,"46":0,"47":0,"48":0,"49":0,"50":0,"51":0,"52":0,"53":0,"54":0,"55":0,"56":0,"57":0,"58":0,"59":0,"60":1,"61":0,"62":0,"63":0,"64":0,"65":1},"f":{"0":1,"1":1,"2":1229,"3":0,"4":0,"5":0,"6":0,"7":0},"b":{"0":[1728,8073],"1":[9801,3846,2988],"2":[757,9044],"3":[9801,4455],"4":[632,9169],"5":[9801,4851,1835],"6":[23,72],"7":[1229,8769],"8":[1229,1061],"9":[0,0],"10":[0,0],"11":[0,0],"12":[0,0],"13":[0,0]},"_coverageSchema":"1a1c01bbd47fc00a2c39e90264f33305004495a9","hash":"7906c788d6c1f17af95a22312da8c1090efc547c"}
}
