TN:
SF:qw.js
FN:5,sieveOfAtkin
FN:59,generateSecretNumber
FN:62,(anonymous_2)
FN:68,countBullsAndCows
FN:84,checkGuess
FN:114,updateAttemptsHistory
FN:116,(anonymous_6)
FN:125,resetGame
FNF:8
FNH:3
FNDA:1,sieveOfAtkin
FNDA:1,generateSecretNumber
FNDA:1229,(anonymous_2)
FNDA:0,countBullsAndCows
FNDA:0,checkGuess
FNDA:0,updateAttemptsHistory
FNDA:0,(anonymous_6)
FNDA:0,resetGame
DA:2,1
DA:6,1
DA:7,1
DA:8,1
DA:9,1
DA:12,1
DA:13,99
DA:17,9801
DA:18,9801
DA:19,1728
DA:23,9801
DA:24,9801
DA:25,757
DA:29,9801
DA:30,9801
DA:31,632
DA:38,1
DA:39,95
DA:40,23
DA:41,23
DA:42,880
DA:48,1
DA:49,1
DA:50,9998
DA:51,1229
DA:55,1
DA:60,1
DA:62,1229
DA:64,1
DA:69,0
DA:70,0
DA:72,0
DA:73,0
DA:74,0
DA:75,0
DA:76,0
DA:80,0
DA:85,0
DA:86,0
DA:89,0
DA:90,0
DA:91,0
DA:94,0
DA:95,0
DA:98,0
DA:101,0
DA:103,0
DA:106,0
DA:108,0
DA:109,0
DA:115,0
DA:116,0
DA:117,0
DA:125,1
DA:126,0
DA:127,0
DA:128,0
DA:129,0
DA:132,1
LF:59
LH:31
BRDA:18,0,0,1728
BRDA:18,0,1,8073
BRDA:18,1,0,9801
BRDA:18,1,1,3846
BRDA:18,1,2,2988
BRDA:24,2,0,757
BRDA:24,2,1,9044
BRDA:24,3,0,9801
BRDA:24,3,1,4455
BRDA:30,4,0,632
BRDA:30,4,1,9169
BRDA:30,5,0,9801
BRDA:30,5,1,4851
BRDA:30,5,2,1835
BRDA:39,6,0,23
BRDA:39,6,1,72
BRDA:50,7,0,1229
BRDA:50,7,1,8769
BRDA:62,8,0,1229
BRDA:62,8,1,1061
BRDA:73,9,0,0
BRDA:73,9,1,0
BRDA:75,10,0,0
BRDA:75,10,1,0
BRDA:89,11,0,0
BRDA:89,11,1,0
BRDA:89,12,0,0
BRDA:89,12,1,0
BRDA:106,13,0,0
BRDA:106,13,1,0
BRF:30
BRH:20
end_of_record
